<?xml version="1.0" encoding="UTF-8"?>
<testng-results skipped="0" failed="0" total="1" passed="1">
  <reporter-output>
  </reporter-output>
  <suite name="Suite" duration-ms="7756" started-at="2016-03-31T13:56:51Z" finished-at="2016-03-31T13:56:58Z">
    <groups>
    </groups>
    <test name="Test" duration-ms="7756" started-at="2016-03-31T13:56:51Z" finished-at="2016-03-31T13:56:58Z">
      <class name="com.web.HomworkTestmail">
        <test-method status="PASS" signature="setup()[pri:0, instance:com.web.HomworkTestmail@41d26b41]" name="setup" is-config="true" duration-ms="2372" started-at="2016-03-31T21:56:51Z" finished-at="2016-03-31T21:56:53Z">
          <reporter-output>
          </reporter-output>
        </test-method> <!-- setup -->
        <test-method status="PASS" signature="login(java.lang.String)[pri:0, instance:com.web.HomworkTestmail@41d26b41]" name="login" duration-ms="5341" started-at="2016-03-31T21:56:53Z" finished-at="2016-03-31T21:56:58Z">
          <params>
            <param index="0">
              <value>
                <![CDATA[/test.properties]]>
              </value>
            </param>
          </params>
          <reporter-output>
          </reporter-output>
        </test-method> <!-- login -->
      </class> <!-- com.web.HomworkTestmail -->
    </test> <!-- Test -->
  </suite> <!-- Suite -->
</testng-results>
